error[E0277]: the trait bound `dropshot::Query<QueryParams>: RequestContextArgument` is not satisfied
  --> tests/fail/bad_endpoint9.rs:25:14
   |
25 |     _params: Query<QueryParams>,
   |              ^^^^^ the trait `RequestContextArgument` is not implemented for `dropshot::Query<QueryParams>`
   |
   = help: the trait `RequestContextArgument` is implemented for `RequestContext<T>`

error[E0277]: the trait bound `dropshot::Query<QueryParams>: RequestContextArgument` is not satisfied
  --> tests/fail/bad_endpoint9.rs:20:1
   |
20 | / #[endpoint {
21 | |     method = GET,
22 | |     path = "/test",
23 | | }]
   | |__^ the trait `RequestContextArgument` is not implemented for `dropshot::Query<QueryParams>`
   |
   = help: the trait `RequestContextArgument` is implemented for `RequestContext<T>`
   = note: this error originates in the attribute macro `endpoint` (in Nightly builds, run with -Z macro-backtrace for more info)
