error: channel handlers must have the following signature:
           async fn(
               rqctx: dropshot::RequestContext<Self::Context>,
               [query_params: Query<Q>,]
               [path_params: Path<P>,]
               websocket_connection: dropshot::WebsocketConnection,
           ) -> dropshot::WebsocketChannelResult
  --> tests/fail/bad_trait_channel21.rs:21:7
   |
21 | trait MyServer {
   |       ^^^^^^^^

error: endpoint `variadic_argument` must not have a variadic argument
  --> tests/fail/bad_trait_channel21.rs:32:9
   |
32 |         ...
   |         ^^^

error: functions cannot be both `async` and C-variadic
  --> tests/fail/bad_trait_channel21.rs:29:5
   |
29 |     async fn variadic_argument(
   |     ^^^^^ `async` because of this
...
32 |         ...
   |         ^^^ C-variadic because of this

error: `...` is not supported for non-extern functions
  --> tests/fail/bad_trait_channel21.rs:32:9
   |
32 |         ...
   |         ^^^
   |
   = help: only `extern "C"` and `extern "C-unwind"` functions may have a C variable argument list

error: functions cannot be both `async` and C-variadic
  --> tests/fail/bad_trait_channel21.rs:42:5
   |
42 |     async fn variadic_argument(
   |     ^^^^^ `async` because of this
...
45 |         ...
   |         ^^^ C-variadic because of this

error: `...` is not supported for non-extern functions
  --> tests/fail/bad_trait_channel21.rs:45:9
   |
45 |         ...
   |         ^^^
   |
   = help: only `extern "C"` and `extern "C-unwind"` functions may have a C variable argument list

error[E0658]: C-variadic functions are unstable
  --> tests/fail/bad_trait_channel21.rs:29:5
   |
29 | /     async fn variadic_argument(
30 | |         _rqctx: RequestContext<Self::Context>,
31 | |         _param1: Query<QueryParams>,
32 | |         ...
33 | |     ) -> dropshot::WebsocketChannelResult;
   | |__________________________________________^
   |
   = note: see issue #44930 <https://github.com/rust-lang/rust/issues/44930> for more information

error[E0658]: C-variadic functions are unstable
  --> tests/fail/bad_trait_channel21.rs:42:5
   |
42 | /     async fn variadic_argument(
43 | |         _rqctx: RequestContext<()>,
44 | |         _param1: Query<QueryParams>,
45 | |         ...
46 | |     ) -> dropshot::WebsocketChannelResult {
47 | |         Ok(())
48 | |     }
   | |_____^
   |
   = note: see issue #44930 <https://github.com/rust-lang/rust/issues/44930> for more information

warning: missing pattern for `...` argument
  --> tests/fail/bad_trait_channel21.rs:32:9
   |
32 |         ...
   |         ^^^
   |
   = warning: this was previously accepted by the compiler but is being phased out; it will become a hard error in a future release!
   = note: for more information, see issue #145544 <https://github.com/rust-lang/rust/issues/145544>
   = note: `#[warn(varargs_without_pattern)]` (part of `#[warn(future_incompatible)]`) on by default
help: name the argument, or use `_` to continue ignoring it
   |
32 |         _: ...
   |         ++

warning: missing pattern for `...` argument
  --> tests/fail/bad_trait_channel21.rs:45:9
   |
45 |         ...
   |         ^^^
   |
   = warning: this was previously accepted by the compiler but is being phased out; it will become a hard error in a future release!
   = note: for more information, see issue #145544 <https://github.com/rust-lang/rust/issues/145544>
help: name the argument, or use `_` to continue ignoring it
   |
45 |         _: ...
   |         ++

error[E0700]: hidden type for `impl Future<Output = Result<(), Box<(dyn StdError + Send + Sync + 'static)>>>` captures lifetime that does not appear in bounds
  --> tests/fail/bad_trait_channel21.rs:46:43
   |
42 | /      async fn variadic_argument(
43 | |          _rqctx: RequestContext<()>,
44 | |          _param1: Query<QueryParams>,
45 | |          ...
46 | |      ) -> dropshot::WebsocketChannelResult {
   | | _________________________________________-_^
   | ||_________________________________________|
   |  |                                         opaque type defined here
47 |  |         Ok(())
48 |  |     }
   |  |_____^
   |
   = note: hidden type `{async fn body of <MyImpl as MyServer>::variadic_argument()}` captures lifetime `'_`
